0 info it worked if it ends with ok
1 verbose cli [ '/usr/local/bin/node',
1 verbose cli   '/usr/local/bin/npm',
1 verbose cli   'install',
1 verbose cli   '-g',
1 verbose cli   'nodemon' ]
2 info using npm@2.14.7
3 info using node@v4.2.1
4 verbose install initial load of /usr/local/lib/package.json
5 verbose readDependencies loading dependencies from /usr/local/lib/package.json
6 silly cache add args [ 'nodemon', null ]
7 verbose cache add spec nodemon
8 silly cache add parsed spec Result {
8 silly cache add   raw: 'nodemon',
8 silly cache add   scope: null,
8 silly cache add   name: 'nodemon',
8 silly cache add   rawSpec: '',
8 silly cache add   spec: '*',
8 silly cache add   type: 'range' }
9 silly addNamed nodemon@*
10 verbose addNamed "*" is a valid semver range for nodemon
11 silly addNameRange { name: 'nodemon', range: '*', hasData: false }
12 silly mapToRegistry name nodemon
13 silly mapToRegistry using default registry
14 silly mapToRegistry registry https://registry.npmjs.org/
15 silly mapToRegistry uri https://registry.npmjs.org/nodemon
16 verbose addNameRange registry:https://registry.npmjs.org/nodemon not in flight; fetching
17 verbose get https://registry.npmjs.org/nodemon not expired, no request
18 silly addNameRange number 2 { name: 'nodemon', range: '*', hasData: true }
19 silly addNameRange versions [ 'nodemon',
19 silly addNameRange   [ '0.1.4',
19 silly addNameRange     '0.1.5',
19 silly addNameRange     '0.1.6',
19 silly addNameRange     '0.1.7',
19 silly addNameRange     '0.1.8',
19 silly addNameRange     '0.2.0',
19 silly addNameRange     '0.2.1',
19 silly addNameRange     '0.2.2',
19 silly addNameRange     '0.3.0',
19 silly addNameRange     '0.3.1',
19 silly addNameRange     '0.3.2',
19 silly addNameRange     '0.4.0',
19 silly addNameRange     '0.4.1',
19 silly addNameRange     '0.5.0',
19 silly addNameRange     '0.5.1',
19 silly addNameRange     '0.5.2',
19 silly addNameRange     '0.5.3',
19 silly addNameRange     '0.5.4',
19 silly addNameRange     '0.5.5',
19 silly addNameRange     '0.5.6',
19 silly addNameRange     '0.5.7',
19 silly addNameRange     '0.6.0',
19 silly addNameRange     '0.6.1',
19 silly addNameRange     '0.6.2',
19 silly addNameRange     '0.6.3',
19 silly addNameRange     '0.6.4',
19 silly addNameRange     '0.6.5',
19 silly addNameRange     '0.6.6',
19 silly addNameRange     '0.6.7',
19 silly addNameRange     '0.6.8',
19 silly addNameRange     '0.6.9',
19 silly addNameRange     '0.6.10',
19 silly addNameRange     '0.6.11',
19 silly addNameRange     '0.6.12',
19 silly addNameRange     '0.6.13',
19 silly addNameRange     '0.6.14',
19 silly addNameRange     '0.6.15',
19 silly addNameRange     '0.6.16',
19 silly addNameRange     '0.6.17',
19 silly addNameRange     '0.6.18',
19 silly addNameRange     '0.6.19',
19 silly addNameRange     '0.6.20',
19 silly addNameRange     '0.6.21',
19 silly addNameRange     '0.6.22',
19 silly addNameRange     '0.6.23',
19 silly addNameRange     '0.7.0',
19 silly addNameRange     '0.7.1',
19 silly addNameRange     '0.7.2',
19 silly addNameRange     '0.7.3',
19 silly addNameRange     '0.7.4',
19 silly addNameRange     '0.7.5',
19 silly addNameRange     '0.7.6',
19 silly addNameRange     '0.7.7',
19 silly addNameRange     '0.7.8',
19 silly addNameRange     '0.7.10',
19 silly addNameRange     '0.9.0',
19 silly addNameRange     '0.9.1',
19 silly addNameRange     '0.9.2',
19 silly addNameRange     '0.9.3',
19 silly addNameRange     '0.9.5',
19 silly addNameRange     '0.9.6',
19 silly addNameRange     '0.9.7',
19 silly addNameRange     '0.9.10',
19 silly addNameRange     '0.9.11',
19 silly addNameRange     '0.9.12',
19 silly addNameRange     '0.9.14',
19 silly addNameRange     '0.9.16',
19 silly addNameRange     '0.9.17',
19 silly addNameRange     '1.0.0',
19 silly addNameRange     '1.0.1',
19 silly addNameRange     '1.0.2',
19 silly addNameRange     '1.0.2-rc',
19 silly addNameRange     '0.6.10-a',
19 silly addNameRange     '1.0.2-rc3',
19 silly addNameRange     '1.0.2-rc4',
19 silly addNameRange     '1.0.3',
19 silly addNameRange     '1.0.4',
19 silly addNameRange     '1.0.5',
19 silly addNameRange     '1.0.6',
19 silly addNameRange     '1.0.7',
19 silly addNameRange     '1.0.8',
19 silly addNameRange     '1.0.9',
19 silly addNameRange     '1.0.10',
19 silly addNameRange     '1.0.11',
19 silly addNameRange     '1.0.12',
19 silly addNameRange     '1.0.13',
19 silly addNameRange     '1.0.14',
19 silly addNameRange     '1.0.15',
19 silly addNameRange     '1.0.16',
19 silly addNameRange     '1.0.17-rc1',
19 silly addNameRange     '1.0.17-rc2',
19 silly addNameRange     '1.0.17',
19 silly addNameRange     '1.0.18',
19 silly addNameRange     '1.0.19',
19 silly addNameRange     '1.0.20',
19 silly addNameRange     '1.1.0-alpha',
19 silly addNameRange     '1.1.0',
19 silly addNameRange     '1.1.1',
19 silly addNameRange     '1.2.0',
19 silly addNameRange     '1.2.1',
19 silly addNameRange     '1.3.0-0',
19 silly addNameRange     '1.3.0-1',
19 silly addNameRange     '1.3.0-2',
19 silly addNameRange     '1.3.0-3',
19 silly addNameRange     '1.3.0-4',
19 silly addNameRange     '1.3.0-5',
19 silly addNameRange     '1.3.0-6',
19 silly addNameRange     '1.3.0-7',
19 silly addNameRange     '1.3.0',
19 silly addNameRange     '1.3.1',
19 silly addNameRange     '1.3.2',
19 silly addNameRange     '1.3.3',
19 silly addNameRange     '1.3.5',
19 silly addNameRange     '1.3.6',
19 silly addNameRange     '1.3.7',
19 silly addNameRange     '1.3.8',
19 silly addNameRange     '1.4.0',
19 silly addNameRange     '1.4.1',
19 silly addNameRange     '1.5.0-alpha1',
19 silly addNameRange     '1.5.0-alpha2',
19 silly addNameRange     '1.5.0-alpha3',
19 silly addNameRange     '1.5.0-alpha4',
19 silly addNameRange     '1.4.2',
19 silly addNameRange     '1.5.0',
19 silly addNameRange     '1.5.1',
19 silly addNameRange     '1.6.0',
19 silly addNameRange     '1.6.1',
19 silly addNameRange     '1.7.0',
19 silly addNameRange     '1.7.1',
19 silly addNameRange     '1.7.2',
19 silly addNameRange     '1.7.3',
19 silly addNameRange     '1.8.0',
19 silly addNameRange     '1.8.1' ] ]
20 silly addNamed nodemon@1.8.1
21 verbose addNamed "1.8.1" is a plain semver version for nodemon
22 silly cache afterAdd nodemon@1.8.1
23 verbose afterAdd /Users/Chelsea/.npm/nodemon/1.8.1/package/package.json not in flight; writing
24 verbose afterAdd /Users/Chelsea/.npm/nodemon/1.8.1/package/package.json written
25 silly install resolved [ { name: 'nodemon',
25 silly install resolved     homepage: 'http://nodemon.io',
25 silly install resolved     author: { name: 'Remy Sharp', url: 'http://github.com/remy' },
25 silly install resolved     bin: { nodemon: './bin/nodemon.js' },
25 silly install resolved     engines: { node: '>=0.8' },
25 silly install resolved     repository: { type: 'git', url: 'git+https://github.com/remy/nodemon.git' },
25 silly install resolved     description: 'Simple monitor script for use during development of a node.js app.',
25 silly install resolved     keywords:
25 silly install resolved      [ 'monitor',
25 silly install resolved        'development',
25 silly install resolved        'restart',
25 silly install resolved        'autoload',
25 silly install resolved        'reload',
25 silly install resolved        'terminal' ],
25 silly install resolved     preferGlobal: 'true',
25 silly install resolved     license: 'MIT',
25 silly install resolved     main: './lib/nodemon',
25 silly install resolved     scripts:
25 silly install resolved      { coverage: 'istanbul cover _mocha -- --timeout 30000 --ui bdd --reporter list test/**/*.test.js',
25 silly install resolved        lint: 'jscs lib/**/*.js -v',
25 silly install resolved        ':spec': 'mocha --timeout 30000 --ui bdd test/**/*.test.js',
25 silly install resolved        test: 'npm run lint && npm run spec',
25 silly install resolved        spec: 'for FILE in test/**/*.test.js; do echo $FILE; ./node_modules/.bin/mocha --timeout 30000 $FILE; if [ $? -ne 0 ]; then exit 1; fi; sleep 1; done',
25 silly install resolved        web: 'node web',
25 silly install resolved        'semantic-release': 'semantic-release pre && npm publish && semantic-release post' },
25 silly install resolved     devDependencies:
25 silly install resolved      { async: '1.4.2',
25 silly install resolved        'coffee-script': '~1.7.1',
25 silly install resolved        connect: '~2.19.1',
25 silly install resolved        istanbul: '~0.2.10',
25 silly install resolved        jscs: '2.1.1',
25 silly install resolved        mocha: '2.3.3',
25 silly install resolved        should: '~4.0.0',
25 silly install resolved        'semantic-release': '4.3.5' },
25 silly install resolved     dependencies:
25 silly install resolved      { chokidar: '^1.2.0',
25 silly install resolved        debug: '^2.2.0',
25 silly install resolved        'es6-promise': '^3.0.2',
25 silly install resolved        'lodash.defaults': '^3.1.2',
25 silly install resolved        minimatch: '^3.0.0',
25 silly install resolved        'ps-tree': '^1.0.1',
25 silly install resolved        touch: '1.0.0',
25 silly install resolved        undefsafe: '0.0.3',
25 silly install resolved        'update-notifier': '0.5.0' },
25 silly install resolved     version: '1.8.1',
25 silly install resolved     gitHead: 'b292ae74b7c43407a52ce2d33d36ff218f4245ed',
25 silly install resolved     bugs: { url: 'https://github.com/remy/nodemon/issues' },
25 silly install resolved     _id: 'nodemon@1.8.1',
25 silly install resolved     _shasum: '75cfd7ac167e938cdab7313c839bc45a1859bb32',
25 silly install resolved     _from: 'nodemon@*',
25 silly install resolved     _npmVersion: '2.14.9',
25 silly install resolved     _nodeVersion: '4.2.1',
25 silly install resolved     _npmUser: { name: 'remy', email: 'remy@leftlogic.com' },
25 silly install resolved     dist:
25 silly install resolved      { shasum: '75cfd7ac167e938cdab7313c839bc45a1859bb32',
25 silly install resolved        tarball: 'http://registry.npmjs.org/nodemon/-/nodemon-1.8.1.tgz' },
25 silly install resolved     maintainers: [ [Object] ],
25 silly install resolved     directories: {},
25 silly install resolved     _resolved: 'https://registry.npmjs.org/nodemon/-/nodemon-1.8.1.tgz',
25 silly install resolved     readme: 'ERROR: No README data found!' } ]
26 info install nodemon@1.8.1 into /usr/local/lib
27 info installOne nodemon@1.8.1
28 verbose installOne of nodemon to /usr/local/lib not in flight; installing
29 verbose lock using /Users/Chelsea/.npm/_locks/nodemon-49f7ed19e778991e.lock for /usr/local/lib/node_modules/nodemon
30 silly install write writing nodemon 1.8.1 to /usr/local/lib/node_modules/nodemon
31 verbose unbuild lib/node_modules/nodemon
32 silly gentlyRm /usr/local/lib/node_modules/nodemon is being purged from base /usr/local
33 verbose gentlyRm don't care about contents; nuking /usr/local/lib/node_modules/nodemon
34 verbose tar unpack /Users/Chelsea/.npm/nodemon/1.8.1/package.tgz
35 verbose tar unpacking to /usr/local/lib/node_modules/nodemon
36 silly gentlyRm /usr/local/lib/node_modules/nodemon is being purged
37 verbose gentlyRm don't care about contents; nuking /usr/local/lib/node_modules/nodemon
38 silly gunzTarPerm modes [ '755', '644' ]
39 error tar.unpack untar error /Users/Chelsea/.npm/nodemon/1.8.1/package.tgz
40 verbose unlock done using /Users/Chelsea/.npm/_locks/nodemon-49f7ed19e778991e.lock for /usr/local/lib/node_modules/nodemon
41 verbose fstream_path /usr/local/lib/node_modules/nodemon
42 verbose fstream_type Directory
43 verbose fstream_class DirWriter
44 verbose stack Error: EACCES: permission denied, mkdir '/usr/local/lib/node_modules/nodemon'
44 verbose stack     at Error (native)
45 verbose fstream_stack /usr/local/lib/node_modules/npm/node_modules/fstream/lib/dir-writer.js:35:25
45 verbose fstream_stack /usr/local/lib/node_modules/npm/node_modules/mkdirp/index.js:47:53
45 verbose fstream_stack FSReqWrap.oncomplete (fs.js:82:15)
46 verbose cwd /Users/Chelsea/Documents/Makersquare/recipe_checklist
47 error Darwin 14.3.0
48 error argv "/usr/local/bin/node" "/usr/local/bin/npm" "install" "-g" "nodemon"
49 error node v4.2.1
50 error npm  v2.14.7
51 error path /usr/local/lib/node_modules/nodemon
52 error code EACCES
53 error errno -13
54 error syscall mkdir
55 error Error: EACCES: permission denied, mkdir '/usr/local/lib/node_modules/nodemon'
55 error     at Error (native)
55 error  { [Error: EACCES: permission denied, mkdir '/usr/local/lib/node_modules/nodemon']
55 error   errno: -13,
55 error   code: 'EACCES',
55 error   syscall: 'mkdir',
55 error   path: '/usr/local/lib/node_modules/nodemon',
55 error   fstream_type: 'Directory',
55 error   fstream_path: '/usr/local/lib/node_modules/nodemon',
55 error   fstream_class: 'DirWriter',
55 error   fstream_stack:
55 error    [ '/usr/local/lib/node_modules/npm/node_modules/fstream/lib/dir-writer.js:35:25',
55 error      '/usr/local/lib/node_modules/npm/node_modules/mkdirp/index.js:47:53',
55 error      'FSReqWrap.oncomplete (fs.js:82:15)' ] }
56 error Please try running this command again as root/Administrator.
57 verbose exit [ -13, true ]
58 verbose unbuild lib/node_modules/nodemon
59 silly gentlyRm /usr/local/lib/node_modules/nodemon is being purged from base /usr/local
60 verbose gentlyRm don't care about contents; nuking /usr/local/lib/node_modules/nodemon
